<?xml version="1.0" encoding="UTF-8"?>
<!-- Generated by org.testng.reporters.JUnitXMLReporter -->
<testsuite hostname="DESKTOP-HM5G61C" ignored="1" name="Test" tests="2" failures="0" timestamp="2019-10-05T10:34:51 EDT" time="27.957" errors="0">
  <testcase name="homePageOne" time="11.8" classname="com.trademark.testcases.HomePageTest"/>
  <testcase name="pdf" time="0.638" classname="com.trademark.testcases.HomePageTest"/>
  <testcase name="pdf" time="0.0" classname="com.trademark.testcases.PracticeOfPDF">
    <ignored/>
  </testcase> <!-- pdf -->
</testsuite> <!-- Test -->
