<?xml version="1.0" encoding="UTF-8"?>
<testng-results skipped="0" failed="0" ignored="0" total="1" passed="1">
  <reporter-output>
  </reporter-output>
  <suite name="Default suite" duration-ms="13241" started-at="2019-10-07T16:29:33 EDT" finished-at="2019-10-07T16:29:46 EDT">
    <groups>
      <group name="smoke">
        <method signature="HomePageTest.homePageOne()[pri:1, instance:com.trademark.testcases.HomePageTest@1f7030a6]" name="homePageOne" class="com.trademark.testcases.HomePageTest"/>
      </group> <!-- smoke -->
    </groups>
    <test name="Default test" duration-ms="13241" started-at="2019-10-07T16:29:33 EDT" finished-at="2019-10-07T16:29:46 EDT">
      <class name="com.trademark.testcases.HomePageTest">
        <test-method status="PASS" signature="generateReport()[pri:0, instance:com.trademark.testcases.HomePageTest@1f7030a6]" name="generateReport" is-config="true" duration-ms="116" started-at="2019-10-07T16:29:33 EDT" finished-at="2019-10-07T16:29:33 EDT">
          <reporter-output>
          </reporter-output>
        </test-method> <!-- generateReport -->
        <test-method status="PASS" signature="setUp()[pri:0, instance:com.trademark.testcases.HomePageTest@1f7030a6]" name="setUp" is-config="true" duration-ms="7521" started-at="2019-10-07T16:29:33 EDT" finished-at="2019-10-07T16:29:41 EDT">
          <reporter-output>
          </reporter-output>
        </test-method> <!-- setUp -->
        <test-method status="PASS" signature="homePageOne()[pri:1, instance:com.trademark.testcases.HomePageTest@1f7030a6]" name="homePageOne" duration-ms="4943" started-at="2019-10-07T16:29:41 EDT" finished-at="2019-10-07T16:29:46 EDT">
          <reporter-output>
          </reporter-output>
        </test-method> <!-- homePageOne -->
        <test-method status="PASS" signature="tearDown()[pri:0, instance:com.trademark.testcases.HomePageTest@1f7030a6]" name="tearDown" is-config="true" duration-ms="625" started-at="2019-10-07T16:29:46 EDT" finished-at="2019-10-07T16:29:46 EDT">
          <reporter-output>
          </reporter-output>
        </test-method> <!-- tearDown -->
        <test-method status="PASS" signature="flushReport()[pri:0, instance:com.trademark.testcases.HomePageTest@1f7030a6]" name="flushReport" is-config="true" duration-ms="1" started-at="2019-10-07T16:29:46 EDT" finished-at="2019-10-07T16:29:46 EDT">
          <reporter-output>
          </reporter-output>
        </test-method> <!-- flushReport -->
      </class> <!-- com.trademark.testcases.HomePageTest -->
    </test> <!-- Default test -->
  </suite> <!-- Default suite -->
</testng-results>
